[46333 - Suricata-Main] 2024-12-16 19:39:40 Notice: suricata: This is Suricata version 7.0.8 RELEASE running in SYSTEM mode
[46333 - Suricata-Main] 2024-12-16 19:39:40 Info: cpu: CPUs/cores online: 4
[46333 - Suricata-Main] 2024-12-16 19:39:40 Info: suricata: Setting engine mode to IDS mode by default
[46333 - Suricata-Main] 2024-12-16 19:39:40 Info: exception-policy: master exception-policy set to: auto
[46333 - Suricata-Main] 2024-12-16 19:39:40 Info: ioctl: eth0: MTU 1500
[46333 - Suricata-Main] 2024-12-16 19:39:40 Info: logopenfile: fast output device (regular) initialized: fast.log
[46333 - Suricata-Main] 2024-12-16 19:39:40 Info: logopenfile: eve-log output device (regular) initialized: eve.json
[46333 - Suricata-Main] 2024-12-16 19:39:40 Info: logopenfile: stats output device (regular) initialized: stats.log
[46333 - Suricata-Main] 2024-12-16 19:39:40 Warning: detect: No rule files match the pattern /var/lib/suricata/rules/suricata.rules
[46333 - Suricata-Main] 2024-12-16 19:39:40 Warning: detect: 1 rule files specified, but no rules were loaded!
[46333 - Suricata-Main] 2024-12-16 19:39:40 Info: threshold-config: Threshold config parsed: 0 rule(s) found
[46333 - Suricata-Main] 2024-12-16 19:39:40 Info: detect: 0 signatures processed. 0 are IP-only rules, 0 are inspecting packet payload, 0 inspect application layer, 0 are decoder event only
[46333 - Suricata-Main] 2024-12-16 19:39:40 Info: runmodes: eth0: creating 4 threads
[46333 - Suricata-Main] 2024-12-16 19:39:40 Info: unix-manager: unix socket '/var/run/suricata-command.socket'
[46333 - Suricata-Main] 2024-12-16 19:39:40 Notice: threads: Threads created -> W: 4 FM: 1 FR: 1   Engine started.
[46333 - Suricata-Main] 2024-12-16 19:49:44 Notice: suricata: Signal Received.  Stopping engine.
[46333 - Suricata-Main] 2024-12-16 19:49:45 Info: suricata: time elapsed 605.133s
[46333 - Suricata-Main] 2024-12-16 19:49:46 Info: counters: Alerts: 0
[46333 - Suricata-Main] 2024-12-16 19:49:46 Notice: device: eth0: packets: 5807, drops: 0 (0.00%), invalid chksum: 0
[61478 - Suricata-Main] 2024-12-16 20:09:42 Notice: suricata: This is Suricata version 7.0.8 RELEASE running in SYSTEM mode
[61478 - Suricata-Main] 2024-12-16 20:09:42 Info: cpu: CPUs/cores online: 4
[61478 - Suricata-Main] 2024-12-16 20:09:42 Info: suricata: Setting engine mode to IDS mode by default
[61478 - Suricata-Main] 2024-12-16 20:09:42 Info: exception-policy: master exception-policy set to: auto
[61478 - Suricata-Main] 2024-12-16 20:09:42 Info: ioctl: eth0: MTU 1500
[61479 - Suricata-Main] 2024-12-16 20:09:42 Info: logopenfile: fast output device (regular) initialized: fast.log
[61479 - Suricata-Main] 2024-12-16 20:09:42 Info: logopenfile: eve-log output device (regular) initialized: eve.json
[61479 - Suricata-Main] 2024-12-16 20:09:42 Info: logopenfile: stats output device (regular) initialized: stats.log
[61479 - Suricata-Main] 2024-12-16 20:09:50 Info: detect: 1 rule files processed. 41075 rules successfully loaded, 0 rules failed, 0
[61479 - Suricata-Main] 2024-12-16 20:09:50 Info: threshold-config: Threshold config parsed: 0 rule(s) found
[61479 - Suricata-Main] 2024-12-16 20:09:50 Info: detect: 41078 signatures processed. 1163 are IP-only rules, 4288 are inspecting packet payload, 35417 inspect application layer, 108 are decoder event only
[61479 - Suricata-Main] 2024-12-16 20:09:58 Info: runmodes: eth0: creating 4 threads
[61479 - Suricata-Main] 2024-12-16 20:09:58 Info: unix-manager: unix socket '/var/run/suricata-command.socket'
[61479 - Suricata-Main] 2024-12-16 20:09:58 Notice: threads: Threads created -> W: 4 FM: 1 FR: 1   Engine started.
[62039 - Suricata-Main] 2024-12-16 20:10:48 Notice: suricata: This is Suricata version 7.0.8 RELEASE running in SYSTEM mode
[62039 - Suricata-Main] 2024-12-16 20:10:48 Info: cpu: CPUs/cores online: 4
[62039 - Suricata-Main] 2024-12-16 20:10:48 Info: suricata: Setting engine mode to IDS mode by default
[62039 - Suricata-Main] 2024-12-16 20:10:48 Info: exception-policy: master exception-policy set to: auto
[62039 - Suricata-Main] 2024-12-16 20:10:48 Info: ioctl: eth0: MTU 1500
[62039 - Suricata-Main] 2024-12-16 20:10:48 Info: logopenfile: fast output device (regular) initialized: fast.log
[62039 - Suricata-Main] 2024-12-16 20:10:48 Info: logopenfile: eve-log output device (regular) initialized: eve.json
[62039 - Suricata-Main] 2024-12-16 20:10:48 Info: logopenfile: stats output device (regular) initialized: stats.log
[62039 - Suricata-Main] 2024-12-16 20:10:56 Info: detect: 1 rule files processed. 41075 rules successfully loaded, 0 rules failed, 0
[62039 - Suricata-Main] 2024-12-16 20:10:56 Info: threshold-config: Threshold config parsed: 0 rule(s) found
[62039 - Suricata-Main] 2024-12-16 20:10:56 Info: detect: 41078 signatures processed. 1163 are IP-only rules, 4288 are inspecting packet payload, 35417 inspect application layer, 108 are decoder event only
[62039 - Suricata-Main] 2024-12-16 20:11:03 Error: af-packet: fanout not supported by kernel: Kernel too old or cluster-id 99 already in use.
[62039 - Suricata-Main] 2024-12-16 20:11:03 Info: runmodes: eth0: creating 1 thread
[62039 - Suricata-Main] 2024-12-16 20:11:03 Info: unix-manager: unix socket '/var/run/suricata-command.socket'
[62039 - Suricata-Main] 2024-12-16 20:11:04 Notice: threads: Threads created -> W: 1 FM: 1 FR: 1   Engine started.
[36546 - Suricata-Main] 2024-12-19 18:09:31 Notice: suricata: This is Suricata version 7.0.8 RELEASE running in SYSTEM mode
[36546 - Suricata-Main] 2024-12-19 18:09:31 Info: cpu: CPUs/cores online: 4
[36546 - Suricata-Main] 2024-12-19 18:09:31 Info: suricata: Setting engine mode to IDS mode by default
[36546 - Suricata-Main] 2024-12-19 18:09:31 Info: exception-policy: master exception-policy set to: auto
[36546 - Suricata-Main] 2024-12-19 18:09:31 Info: ioctl: eth0: MTU 1500
[36546 - Suricata-Main] 2024-12-19 18:09:31 Info: logopenfile: fast output device (regular) initialized: fast.log
[36546 - Suricata-Main] 2024-12-19 18:09:31 Info: logopenfile: eve-log output device (regular) initialized: eve.json
[36546 - Suricata-Main] 2024-12-19 18:09:31 Info: logopenfile: stats output device (regular) initialized: stats.log
[36546 - Suricata-Main] 2024-12-19 18:09:41 Info: detect: 1 rule files processed. 41075 rules successfully loaded, 0 rules failed, 0
[36546 - Suricata-Main] 2024-12-19 18:09:41 Info: threshold-config: Threshold config parsed: 0 rule(s) found
[36546 - Suricata-Main] 2024-12-19 18:09:41 Info: detect: 41078 signatures processed. 1163 are IP-only rules, 4288 are inspecting packet payload, 35417 inspect application layer, 108 are decoder event only
[36546 - Suricata-Main] 2024-12-19 18:09:49 Info: runmodes: eth0: creating 4 threads
[36546 - Suricata-Main] 2024-12-19 18:09:49 Info: unix-manager: unix socket '/var/run/suricata-command.socket'
[36546 - Suricata-Main] 2024-12-19 18:09:50 Notice: threads: Threads created -> W: 4 FM: 1 FR: 1   Engine started.
[39190 - Suricata-Main] 2024-12-19 18:14:51 Notice: suricata: This is Suricata version 7.0.8 RELEASE running in SYSTEM mode
[39190 - Suricata-Main] 2024-12-19 18:14:51 Info: cpu: CPUs/cores online: 4
[39190 - Suricata-Main] 2024-12-19 18:14:51 Info: suricata: Setting engine mode to IDS mode by default
[39190 - Suricata-Main] 2024-12-19 18:14:51 Info: exception-policy: master exception-policy set to: auto
[39190 - Suricata-Main] 2024-12-19 18:14:51 Info: ioctl: eth0: MTU 1500
[39190 - Suricata-Main] 2024-12-19 18:14:51 Info: logopenfile: fast output device (regular) initialized: fast.log
[39190 - Suricata-Main] 2024-12-19 18:14:51 Info: logopenfile: eve-log output device (regular) initialized: eve.json
[39190 - Suricata-Main] 2024-12-19 18:14:51 Info: logopenfile: stats output device (regular) initialized: stats.log
[39190 - Suricata-Main] 2024-12-19 18:14:59 Info: detect: 1 rule files processed. 41075 rules successfully loaded, 0 rules failed, 0
[39190 - Suricata-Main] 2024-12-19 18:14:59 Info: threshold-config: Threshold config parsed: 0 rule(s) found
[39190 - Suricata-Main] 2024-12-19 18:14:59 Info: detect: 41078 signatures processed. 1163 are IP-only rules, 4288 are inspecting packet payload, 35417 inspect application layer, 108 are decoder event only
[39190 - Suricata-Main] 2024-12-19 18:15:07 Error: af-packet: fanout not supported by kernel: Kernel too old or cluster-id 99 already in use.
[39190 - Suricata-Main] 2024-12-19 18:15:07 Info: runmodes: eth0: creating 1 thread
[39190 - Suricata-Main] 2024-12-19 18:15:07 Info: unix-manager: unix socket '/var/run/suricata-command.socket'
[39190 - Suricata-Main] 2024-12-19 18:15:07 Notice: threads: Threads created -> W: 1 FM: 1 FR: 1   Engine started.
[2529 - Suricata-Main] 2024-12-19 19:25:18 Notice: suricata: This is Suricata version 7.0.8 RELEASE running in SYSTEM mode
[2529 - Suricata-Main] 2024-12-19 19:25:18 Info: cpu: CPUs/cores online: 4
[2529 - Suricata-Main] 2024-12-19 19:25:18 Info: suricata: Setting engine mode to IDS mode by default
[2529 - Suricata-Main] 2024-12-19 19:25:18 Info: exception-policy: master exception-policy set to: auto
[2529 - Suricata-Main] 2024-12-19 19:25:18 Info: ioctl: eth0: MTU 1500
[2529 - Suricata-Main] 2024-12-19 19:25:18 Info: logopenfile: fast output device (regular) initialized: fast.log
[2529 - Suricata-Main] 2024-12-19 19:25:18 Info: logopenfile: eve-log output device (regular) initialized: eve.json
[2529 - Suricata-Main] 2024-12-19 19:25:18 Info: logopenfile: stats output device (regular) initialized: stats.log
[2529 - Suricata-Main] 2024-12-19 19:25:26 Info: detect: 1 rule files processed. 41075 rules successfully loaded, 0 rules failed, 0
[2529 - Suricata-Main] 2024-12-19 19:25:27 Info: threshold-config: Threshold config parsed: 0 rule(s) found
[2529 - Suricata-Main] 2024-12-19 19:25:27 Info: detect: 41078 signatures processed. 1163 are IP-only rules, 4288 are inspecting packet payload, 35417 inspect application layer, 108 are decoder event only
[2529 - Suricata-Main] 2024-12-19 19:25:34 Info: runmodes: eth0: creating 4 threads
[2529 - Suricata-Main] 2024-12-19 19:25:34 Info: unix-manager: unix socket '/var/run/suricata-command.socket'
[2529 - Suricata-Main] 2024-12-19 19:25:34 Notice: threads: Threads created -> W: 4 FM: 1 FR: 1   Engine started.
[2569 - Suricata-Main] 2024-12-20 21:27:05 Notice: suricata: This is Suricata version 7.0.8 RELEASE running in SYSTEM mode
[2569 - Suricata-Main] 2024-12-20 21:27:05 Info: cpu: CPUs/cores online: 4
[2569 - Suricata-Main] 2024-12-20 21:27:05 Info: suricata: Setting engine mode to IDS mode by default
[2569 - Suricata-Main] 2024-12-20 21:27:05 Info: exception-policy: master exception-policy set to: auto
[2569 - Suricata-Main] 2024-12-20 21:27:05 Info: ioctl: eth0: MTU 1500
[2569 - Suricata-Main] 2024-12-20 21:27:05 Info: logopenfile: fast output device (regular) initialized: fast.log
[2569 - Suricata-Main] 2024-12-20 21:27:05 Info: logopenfile: eve-log output device (regular) initialized: eve.json
[2569 - Suricata-Main] 2024-12-20 21:27:05 Info: logopenfile: stats output device (regular) initialized: stats.log
[2569 - Suricata-Main] 2024-12-20 21:27:14 Info: detect: 1 rule files processed. 41075 rules successfully loaded, 0 rules failed, 0
[2569 - Suricata-Main] 2024-12-20 21:27:14 Info: threshold-config: Threshold config parsed: 0 rule(s) found
[2569 - Suricata-Main] 2024-12-20 21:27:14 Info: detect: 41078 signatures processed. 1163 are IP-only rules, 4288 are inspecting packet payload, 35417 inspect application layer, 108 are decoder event only
[2569 - Suricata-Main] 2024-12-20 21:27:22 Info: runmodes: eth0: creating 4 threads
[2569 - Suricata-Main] 2024-12-20 21:27:22 Info: unix-manager: unix socket '/var/run/suricata-command.socket'
[2569 - Suricata-Main] 2024-12-20 21:27:22 Notice: threads: Threads created -> W: 4 FM: 1 FR: 1   Engine started.
